Using Eigen for Matmul
Doing BaseOT ...
using silent ot pack
using silent ot pack
using silent ot pack
using silent ot pack
After one-time setup, communication
Thread i = 0, total data sent till now = 581287
Thread i = 1, total data sent till now = 1726247
Thread i = 2, total data sent till now = 1726247
Thread i = 3, total data sent till now = 1726247
-----------Syncronizing-----------
secret_share_mod: 137438953472 bitlength: 37
backend: Ring-SilentOT-Cheetah
-----------Syncronized - now starting execution-----------
HomConv #1 called N=1, H=227, W=227, CI=3, FH=3, FW=3, CO=64, S=2, Padding VALID (0 0 0 0)
Time in sec for current conv = [1.195] sent [49.8409] MB
~ 1.195 conv
Maxpool 1 called N=1, H=56, W=56, C=64, ksizeH=3, ksizeW=3
Time in sec for current maxpool = 6.402
~ 6.402 maxpool
Relu #1 on 200704 points, truncate=1 by 12 bits
Time in sec for current relu = 3.734
~ 3.734 relu
HomConv #2 called N=1, H=56, W=56, CI=64, FH=1, FW=1, CO=16, S=1, Padding VALID (0 0 0 0)
Time in sec for current conv = [0.097] sent [0.774384] MB
~ 0.097 conv
Relu #3 on 50176 points, truncate=1 by 12 bits
Time in sec for current relu = 0.128
~ 0.128 relu
HomConv #3 called N=1, H=56, W=56, CI=16, FH=1, FW=1, CO=64, S=1, Padding VALID (0 0 0 0)
Time in sec for current conv = [0.076] sent [3.09809] MB
~ 0.076 conv
Relu #5 on 200704 points, truncate=1 by 12 bits
Time in sec for current relu = 0.462
~ 0.462 relu
HomConv #4 called N=1, H=56, W=56, CI=16, FH=3, FW=3, CO=64, S=1, Padding SAME (1 1 1 1)
Time in sec for current conv = [0.245] sent [3.1037] MB
~ 0.245 conv
Relu #7 on 200704 points, truncate=1 by 12 bits
Time in sec for current relu = 0.482
~ 0.482 relu
HomConv #5 called N=1, H=56, W=56, CI=128, FH=1, FW=1, CO=16, S=1, Padding VALID (0 0 0 0)
Time in sec for current conv = [0.174] sent [0.774747] MB
~ 0.174 conv
Relu #9 on 50176 points, truncate=1 by 12 bits
Time in sec for current relu = 0.146
~ 0.146 relu
HomConv #6 called N=1, H=56, W=56, CI=16, FH=1, FW=1, CO=64, S=1, Padding VALID (0 0 0 0)
Time in sec for current conv = [0.075] sent [3.09841] MB
~ 0.075 conv
Relu #11 on 200704 points, truncate=1 by 12 bits
Time in sec for current relu = 3.72
~ 3.72 relu
HomConv #7 called N=1, H=56, W=56, CI=16, FH=3, FW=3, CO=64, S=1, Padding SAME (1 1 1 1)
Time in sec for current conv = [0.235] sent [3.10384] MB
~ 0.235 conv
Relu #13 on 200704 points, truncate=1 by 12 bits
Time in sec for current relu = 0.506
~ 0.506 relu
Maxpool 2 called N=1, H=27, W=27, C=128, ksizeH=3, ksizeW=3
Time in sec for current maxpool = 8.13
~ 8.13 maxpool
HomConv #8 called N=1, H=27, W=27, CI=128, FH=1, FW=1, CO=32, S=1, Padding VALID (0 0 0 0)
Time in sec for current conv = [0.175] sent [1.07399] MB
~ 0.175 conv
Relu #15 on 23328 points, truncate=1 by 12 bits
Time in sec for current relu = 0.077
~ 0.077 relu
HomConv #9 called N=1, H=27, W=27, CI=32, FH=1, FW=1, CO=128, S=1, Padding VALID (0 0 0 0)
Time in sec for current conv = [0.201] sent [4.29589] MB
~ 0.201 conv
Relu #17 on 93312 points, truncate=1 by 12 bits
Time in sec for current relu = 0.216
~ 0.216 relu
HomConv #10 called N=1, H=27, W=27, CI=32, FH=3, FW=3, CO=128, S=1, Padding SAME (1 1 1 1)
Time in sec for current conv = [0.231] sent [4.30228] MB
~ 0.231 conv
Relu #19 on 93312 points, truncate=1 by 12 bits
Time in sec for current relu = 0.242
~ 0.242 relu
HomConv #11 called N=1, H=27, W=27, CI=256, FH=1, FW=1, CO=32, S=1, Padding VALID (0 0 0 0)
Time in sec for current conv = [0.329] sent [1.07402] MB
~ 0.329 conv
Relu #21 on 23328 points, truncate=1 by 12 bits
Time in sec for current relu = 0.085
~ 0.085 relu
HomConv #12 called N=1, H=27, W=27, CI=32, FH=1, FW=1, CO=128, S=1, Padding VALID (0 0 0 0)
Time in sec for current conv = [0.199] sent [4.29596] MB
~ 0.199 conv
Relu #23 on 93312 points, truncate=1 by 12 bits
Time in sec for current relu = 0.232
~ 0.232 relu
HomConv #13 called N=1, H=27, W=27, CI=32, FH=3, FW=3, CO=128, S=1, Padding SAME (1 1 1 1)
Time in sec for current conv = [0.241] sent [4.30231] MB
~ 0.241 conv
Relu #25 on 93312 points, truncate=1 by 12 bits
Time in sec for current relu = 0.23
~ 0.23 relu
Maxpool 3 called N=1, H=13, W=13, C=256, ksizeH=3, ksizeW=3
Time in sec for current maxpool = 3.979
~ 3.979 maxpool
HomConv #14 called N=1, H=13, W=13, CI=256, FH=1, FW=1, CO=48, S=1, Padding VALID (0 0 0 0)
Time in sec for current conv = [0.125] sent [1.44073] MB
~ 0.125 conv
Relu #27 on 8112 points, truncate=1 by 12 bits
Time in sec for current relu = 0.04
~ 0.04 relu
HomConv #15 called N=1, H=13, W=13, CI=48, FH=1, FW=1, CO=192, S=1, Padding VALID (0 0 0 0)
Time in sec for current conv = [0.157] sent [5.76276] MB
~ 0.157 conv
Relu #29 on 32448 points, truncate=1 by 12 bits
Time in sec for current relu = 0.107
~ 0.107 relu
HomConv #16 called N=1, H=13, W=13, CI=48, FH=3, FW=3, CO=192, S=1, Padding SAME (1 1 1 1)
Time in sec for current conv = [0.184] sent [5.76789] MB
~ 0.184 conv
Relu #31 on 32448 points, truncate=1 by 12 bits
Time in sec for current relu = 0.147
~ 0.147 relu
HomConv #17 called N=1, H=13, W=13, CI=384, FH=1, FW=1, CO=48, S=1, Padding VALID (0 0 0 0)
Time in sec for current conv = [0.17] sent [1.44078] MB
~ 0.17 conv
Relu #33 on 8112 points, truncate=1 by 12 bits
Time in sec for current relu = 0.078
~ 0.078 relu
HomConv #18 called N=1, H=13, W=13, CI=48, FH=1, FW=1, CO=192, S=1, Padding VALID (0 0 0 0)
Time in sec for current conv = [0.151] sent [5.76312] MB
~ 0.151 conv
Relu #35 on 32448 points, truncate=1 by 12 bits
Time in sec for current relu = 0.11
~ 0.11 relu
HomConv #19 called N=1, H=13, W=13, CI=48, FH=3, FW=3, CO=192, S=1, Padding SAME (1 1 1 1)
Time in sec for current conv = [0.214] sent [5.76769] MB
~ 0.214 conv
Relu #37 on 32448 points, truncate=1 by 12 bits
Time in sec for current relu = 0.125
~ 0.125 relu
HomConv #20 called N=1, H=13, W=13, CI=384, FH=1, FW=1, CO=64, S=1, Padding VALID (0 0 0 0)
Time in sec for current conv = [0.21] sent [1.92111] MB
~ 0.21 conv
Relu #39 on 10816 points, truncate=1 by 12 bits
Time in sec for current relu = 0.079
~ 0.079 relu
HomConv #21 called N=1, H=13, W=13, CI=64, FH=1, FW=1, CO=256, S=1, Padding VALID (0 0 0 0)
Time in sec for current conv = [0.219] sent [7.68462] MB
~ 0.219 conv
Relu #41 on 43264 points, truncate=1 by 12 bits
Time in sec for current relu = 0.144
~ 0.144 relu
HomConv #22 called N=1, H=13, W=13, CI=64, FH=3, FW=3, CO=256, S=1, Padding SAME (1 1 1 1)
Time in sec for current conv = [0.289] sent [7.68979] MB
~ 0.289 conv
Relu #43 on 43264 points, truncate=1 by 12 bits
Time in sec for current relu = 0.179
~ 0.179 relu
HomConv #23 called N=1, H=13, W=13, CI=512, FH=1, FW=1, CO=64, S=1, Padding VALID (0 0 0 0)
Time in sec for current conv = [0.29] sent [1.92107] MB
~ 0.29 conv
Relu #45 on 10816 points, truncate=1 by 12 bits
Time in sec for current relu = 0.037
~ 0.037 relu
HomConv #24 called N=1, H=13, W=13, CI=64, FH=1, FW=1, CO=256, S=1, Padding VALID (0 0 0 0)
Time in sec for current conv = [0.225] sent [7.68408] MB
~ 0.225 conv
Relu #47 on 43264 points, truncate=1 by 12 bits
Time in sec for current relu = 0.137
~ 0.137 relu
HomConv #25 called N=1, H=13, W=13, CI=64, FH=3, FW=3, CO=256, S=1, Padding SAME (1 1 1 1)
Time in sec for current conv = [0.258] sent [7.69033] MB
~ 0.258 conv
Relu #49 on 43264 points, truncate=1 by 12 bits
Time in sec for current relu = 0.181
~ 0.181 relu
HomConv #26 called N=1, H=13, W=13, CI=512, FH=1, FW=1, CO=1000, S=1, Padding VALID (0 0 0 0)
Time in sec for current conv = [3.828] sent [30.0153] MB
~ 3.828 conv
Relu #51 on 169000 points, truncate=1 by 12 bits
Time in sec for current relu = 0.478
~ 0.478 relu
AvgPool 1 called N=1, H=1, W=1, C=1000, ksizeH=13, ksizeW=13
Time in sec for current avgpool = 0.026
~ 0.026 avgpool
ArgMax 1 called, s1=1, s2=1000
Thread i = 0, total data sent till now = 284027472
Thread i = 1, total data sent till now = 17626845
Thread i = 2, total data sent till now = 57901618
Thread i = 3, total data sent till now = 17627454
------------------------------------------------------
------------------------------------------------------
------------------------------------------------------
Total time taken = 40785 milliseconds.
Total data sent = 354.217 MiB.
Number of rounds = 908
Total comm (sent+received) = 522.868 MiB.
------------------------------------------------------
Total time in Conv = 9.793 seconds.
Total time in MatMul = 0 seconds.
Total time in BatchNorm = 0 seconds.
Total time in Truncation = 0.097 seconds.
Total time in Relu = 12.102 seconds.
Total time in MaxPool = 18.511 seconds.
Total time in AvgPool = 0.026 seconds.
Total time in ArgMax = 0.006 seconds.
Total time in MatAdd = 0 seconds.
Total time in MatAddBroadCast = 0 seconds.
Total time in MulCir = 0 seconds.
Total time in ScalarMul = 0 seconds.
Total time in Sigmoid = 0 seconds.
Total time in Tanh = 0 seconds.
Total time in Sqrt = 0 seconds.
Total time in NormaliseL2 = 0 seconds.
------------------------------------------------------
Conv data sent = 173.688 MiB.
MatMul data sent = 0 MiB.
BatchNorm data sent = 0 MiB.
Truncation data sent = 2.42565 MiB.
Relu data sent = 57.1645 MiB.
Maxpool data sent = 77.2877 MiB.
Avgpool data sent = 0.596691 MiB.
ArgMax data sent = 0.0704584 MiB.
MatAdd data sent = 0 MiB.
MatAddBroadCast data sent = 0 MiB.
MulCir data sent = 0 MiB.
Sigmoid data sent = 0 MiB.
Tanh data sent = 0 MiB.
Sqrt data sent = 0 MiB.
NormaliseL2 data sent = 0 MiB.
------------------------------------------------------
Conv data (sent+received) = 204.823 MiB.
MatMul data (sent+received) = 0 MiB.
BatchNorm data (sent+received) = 0 MiB.
Truncation data (sent+received) = 4.85137 MiB.
Relu data (sent+received) = 114.33 MiB.
Maxpool data (sent+received) = 154.575 MiB.
Avgpool data (sent+received) = 1.19409 MiB.
ArgMax data (sent+received) = 0.109762 MiB.
MatAdd data (sent+received) = 0 MiB.
MatAddBroadCast data (sent+received) = 0 MiB.
MulCir data (sent+received) = 0 MiB.
ScalarMul data (sent+received) = 0 MiB.
Sigmoid data (sent+received) = 0 MiB.
Tanh data (sent+received) = 0 MiB.
Sqrt data (sent+received) = 0 MiB.
NormaliseL2 data (sent+received) = 0 MiB.
