Using Eigen for Matmul
Doing BaseOT ...
using kkot pack
using kkot pack
using kkot pack
using kkot pack
After one-time setup, communication
Thread i = 0, total data sent till now = 241687454
Thread i = 1, total data sent till now = 163141
Thread i = 2, total data sent till now = 294765
Thread i = 3, total data sent till now = 163141
-----------Syncronizing-----------
secret_share_mod: 137352314881 bitlength: 37
backend: PrimeField-OT-SCI_HE
-----------Syncronized - now starting execution-----------
Conv2DCSF 1 called N=1, H=230, W=230, CI=3, FH=7, FW=7, CO=64, S=2
Time in sec for current conv = 26.682
~ 26.682 conv
Maxpool 1 called N=1, H=56, W=56, C=64, ksizeH=3, ksizeW=3
Time in sec for current maxpool = 5.699
~ 5.699 maxpool
Truncate #1 on 200704 points by 12 bits
Starting fused batchNorm #1
Time in sec for current BN = [0.219] sent [9.3782] MB
~ 0.219 BN
Relu #1 on 200704 points, truncate=1 by 12 bits
Time in sec for current relu = 0.729
~ 0.729 relu
Conv2DCSF 2 called N=1, H=56, W=56, CI=64, FH=1, FW=1, CO=256, S=1
Time in sec for current conv = 4.895
~ 4.895 conv
Conv2DCSF 3 called N=1, H=56, W=56, CI=64, FH=1, FW=1, CO=64, S=1
Time in sec for current conv = 1.033
~ 1.033 conv
Truncate #2 on 200704 points by 12 bits
Starting fused batchNorm #2
Time in sec for current BN = [0.185] sent [9.3782] MB
~ 0.185 BN
Relu #3 on 200704 points, truncate=1 by 12 bits
Time in sec for current relu = 0.723
~ 0.723 relu
Conv2DCSF 4 called N=1, H=56, W=56, CI=64, FH=3, FW=3, CO=64, S=1
Time in sec for current conv = 11.138
~ 11.138 conv
Truncate #3 on 200704 points by 12 bits
Starting fused batchNorm #3
Time in sec for current BN = [0.223] sent [9.3782] MB
~ 0.223 BN
Relu #5 on 200704 points, truncate=1 by 12 bits
Time in sec for current relu = 0.741
~ 0.741 relu
Conv2DCSF 5 called N=1, H=56, W=56, CI=64, FH=1, FW=1, CO=256, S=1
Time in sec for current conv = 5.11
~ 5.11 conv
Truncate #4 on 802816 points by 12 bits
Starting fused batchNorm #4
Time in sec for current BN = [0.732] sent [36.7625] MB
~ 0.732 BN
Relu #7 on 802816 points, truncate=1 by 12 bits
Time in sec for current relu = 2.879
~ 2.879 relu
Conv2DCSF 6 called N=1, H=56, W=56, CI=256, FH=1, FW=1, CO=64, S=1
Time in sec for current conv = 4.652
~ 4.652 conv
Truncate #5 on 200704 points by 12 bits
Starting fused batchNorm #5
Time in sec for current BN = [0.23] sent [9.3782] MB
~ 0.23 BN
Relu #9 on 200704 points, truncate=1 by 12 bits
Time in sec for current relu = 0.715
~ 0.715 relu
Conv2DCSF 7 called N=1, H=56, W=56, CI=64, FH=3, FW=3, CO=64, S=1
Time in sec for current conv = 9.625
~ 9.625 conv
Truncate #6 on 200704 points by 12 bits
Starting fused batchNorm #6
Time in sec for current BN = [0.236] sent [9.3782] MB
~ 0.236 BN
Relu #11 on 200704 points, truncate=1 by 12 bits
Time in sec for current relu = 0.733
~ 0.733 relu
Conv2DCSF 8 called N=1, H=56, W=56, CI=64, FH=1, FW=1, CO=256, S=1
Time in sec for current conv = 5.244
~ 5.244 conv
Truncate #7 on 802816 points by 12 bits
Starting fused batchNorm #7
Time in sec for current BN = [0.727] sent [36.7625] MB
~ 0.727 BN
Relu #13 on 802816 points, truncate=1 by 12 bits
Time in sec for current relu = 2.798
~ 2.798 relu
Conv2DCSF 9 called N=1, H=56, W=56, CI=256, FH=1, FW=1, CO=64, S=1
Time in sec for current conv = 4.877
~ 4.877 conv
Truncate #8 on 200704 points by 12 bits
Starting fused batchNorm #8
Time in sec for current BN = [0.187] sent [9.3782] MB
~ 0.187 BN
Relu #15 on 200704 points, truncate=1 by 12 bits
Time in sec for current relu = 0.712
~ 0.712 relu
Conv2DCSF 10 called N=1, H=56, W=56, CI=64, FH=3, FW=3, CO=64, S=1
Time in sec for current conv = 11.024
~ 11.024 conv
Truncate #9 on 200704 points by 12 bits
Starting fused batchNorm #9
Time in sec for current BN = [0.188] sent [9.3782] MB
~ 0.188 BN
Relu #17 on 200704 points, truncate=1 by 12 bits
Time in sec for current relu = 0.672
~ 0.672 relu
Conv2DCSF 11 called N=1, H=56, W=56, CI=64, FH=1, FW=1, CO=256, S=1
Time in sec for current conv = 4.866
~ 4.866 conv
Truncate #10 on 802816 points by 12 bits
Starting fused batchNorm #10
Time in sec for current BN = [0.729] sent [36.7625] MB
~ 0.729 BN
Relu #19 on 802816 points, truncate=1 by 12 bits
Time in sec for current relu = 2.853
~ 2.853 relu
Conv2DCSF 12 called N=1, H=56, W=56, CI=256, FH=1, FW=1, CO=512, S=2
Time in sec for current conv = 10.333
~ 10.333 conv
Conv2DCSF 13 called N=1, H=56, W=56, CI=256, FH=1, FW=1, CO=128, S=1
Time in sec for current conv = 8.791
~ 8.791 conv
Truncate #11 on 401408 points by 12 bits
Starting fused batchNorm #11
Time in sec for current BN = [0.364] sent [18.3813] MB
~ 0.364 BN
Relu #21 on 401408 points, truncate=1 by 12 bits
Time in sec for current relu = 1.398
~ 1.398 relu
Conv2DCSF 14 called N=1, H=58, W=58, CI=128, FH=3, FW=3, CO=128, S=2
Time in sec for current conv = 11.164
~ 11.164 conv
Truncate #12 on 100352 points by 12 bits
Starting fused batchNorm #12
Time in sec for current BN = [0.095] sent [4.87667] MB
~ 0.095 BN
Relu #23 on 100352 points, truncate=1 by 12 bits
Time in sec for current relu = 0.359
~ 0.359 relu
Conv2DCSF 15 called N=1, H=28, W=28, CI=128, FH=1, FW=1, CO=512, S=1
Time in sec for current conv = 4.82
~ 4.82 conv
Truncate #13 on 401408 points by 12 bits
Starting fused batchNorm #13
Time in sec for current BN = [0.362] sent [18.3813] MB
~ 0.362 BN
Relu #25 on 401408 points, truncate=1 by 12 bits
Time in sec for current relu = 1.387
~ 1.387 relu
Conv2DCSF 16 called N=1, H=28, W=28, CI=512, FH=1, FW=1, CO=128, S=1
Time in sec for current conv = 4.892
~ 4.892 conv
Truncate #14 on 100352 points by 12 bits
Starting fused batchNorm #14
Time in sec for current BN = [0.113] sent [4.87667] MB
~ 0.113 BN
Relu #27 on 100352 points, truncate=1 by 12 bits
Time in sec for current relu = 0.35
~ 0.35 relu
Conv2DCSF 17 called N=1, H=28, W=28, CI=128, FH=3, FW=3, CO=128, S=1
Time in sec for current conv = 10.606
~ 10.606 conv
Truncate #15 on 100352 points by 12 bits
Starting fused batchNorm #15
Time in sec for current BN = [0.151] sent [4.87667] MB
~ 0.151 BN
Relu #29 on 100352 points, truncate=1 by 12 bits
Time in sec for current relu = 0.378
~ 0.378 relu
Conv2DCSF 18 called N=1, H=28, W=28, CI=128, FH=1, FW=1, CO=512, S=1
Time in sec for current conv = 5.082
~ 5.082 conv
Truncate #16 on 401408 points by 12 bits
Starting fused batchNorm #16
Time in sec for current BN = [0.391] sent [18.3813] MB
~ 0.391 BN
Relu #31 on 401408 points, truncate=1 by 12 bits
Time in sec for current relu = 1.402
~ 1.402 relu
Conv2DCSF 19 called N=1, H=28, W=28, CI=512, FH=1, FW=1, CO=128, S=1
Time in sec for current conv = 4.799
~ 4.799 conv
Truncate #17 on 100352 points by 12 bits
Starting fused batchNorm #17
Time in sec for current BN = [0.097] sent [4.87667] MB
~ 0.097 BN
Relu #33 on 100352 points, truncate=1 by 12 bits
Time in sec for current relu = 0.368
~ 0.368 relu
Conv2DCSF 20 called N=1, H=28, W=28, CI=128, FH=3, FW=3, CO=128, S=1
Time in sec for current conv = 10.568
~ 10.568 conv
Truncate #18 on 100352 points by 12 bits
Starting fused batchNorm #18
Time in sec for current BN = [0.151] sent [4.87667] MB
~ 0.151 BN
Relu #35 on 100352 points, truncate=1 by 12 bits
Time in sec for current relu = 0.416
~ 0.416 relu
Conv2DCSF 21 called N=1, H=28, W=28, CI=128, FH=1, FW=1, CO=512, S=1
Time in sec for current conv = 5.081
~ 5.081 conv
Truncate #19 on 401408 points by 12 bits
Starting fused batchNorm #19
Time in sec for current BN = [0.362] sent [18.3813] MB
~ 0.362 BN
Relu #37 on 401408 points, truncate=1 by 12 bits
Time in sec for current relu = 1.427
~ 1.427 relu
Conv2DCSF 22 called N=1, H=28, W=28, CI=512, FH=1, FW=1, CO=128, S=1
Time in sec for current conv = 4.779
~ 4.779 conv
Truncate #20 on 100352 points by 12 bits
Starting fused batchNorm #20
Time in sec for current BN = [0.1] sent [4.87667] MB
~ 0.1 BN
Relu #39 on 100352 points, truncate=1 by 12 bits
Time in sec for current relu = 0.361
~ 0.361 relu
Conv2DCSF 23 called N=1, H=28, W=28, CI=128, FH=3, FW=3, CO=128, S=1
Time in sec for current conv = 10.643
~ 10.643 conv
Truncate #21 on 100352 points by 12 bits
Starting fused batchNorm #21
Time in sec for current BN = [0.127] sent [4.87667] MB
~ 0.127 BN
Relu #41 on 100352 points, truncate=1 by 12 bits
Time in sec for current relu = 0.341
~ 0.341 relu
Conv2DCSF 24 called N=1, H=28, W=28, CI=128, FH=1, FW=1, CO=512, S=1
Time in sec for current conv = 5.113
~ 5.113 conv
Truncate #22 on 401408 points by 12 bits
Starting fused batchNorm #22
Time in sec for current BN = [0.4] sent [18.3813] MB
~ 0.4 BN
Relu #43 on 401408 points, truncate=1 by 12 bits
Time in sec for current relu = 1.412
~ 1.412 relu
Conv2DCSF 25 called N=1, H=28, W=28, CI=512, FH=1, FW=1, CO=1024, S=2
Time in sec for current conv = 10.892
~ 10.892 conv
Conv2DCSF 26 called N=1, H=28, W=28, CI=512, FH=1, FW=1, CO=256, S=1
Time in sec for current conv = 8.944
~ 8.944 conv
Truncate #23 on 200704 points by 12 bits
Starting fused batchNorm #23
Time in sec for current BN = [0.238] sent [9.3782] MB
~ 0.238 BN
Relu #45 on 200704 points, truncate=1 by 12 bits
Time in sec for current relu = 0.741
~ 0.741 relu
Conv2DCSF 27 called N=1, H=30, W=30, CI=256, FH=3, FW=3, CO=256, S=2
Time in sec for current conv = 11.131
~ 11.131 conv
Truncate #24 on 50176 points by 12 bits
Starting fused batchNorm #24
Time in sec for current BN = [0.051] sent [2.6259] MB
~ 0.051 BN
Relu #47 on 50176 points, truncate=1 by 12 bits
Time in sec for current relu = 0.186
~ 0.186 relu
Conv2DCSF 28 called N=1, H=14, W=14, CI=256, FH=1, FW=1, CO=1024, S=1
Time in sec for current conv = 5.231
~ 5.231 conv
Truncate #25 on 200704 points by 12 bits
Starting fused batchNorm #25
Time in sec for current BN = [0.2] sent [9.3782] MB
~ 0.2 BN
Relu #49 on 200704 points, truncate=1 by 12 bits
Time in sec for current relu = 0.699
~ 0.699 relu
Conv2DCSF 29 called N=1, H=14, W=14, CI=1024, FH=1, FW=1, CO=256, S=1
Time in sec for current conv = 4.915
~ 4.915 conv
Truncate #26 on 50176 points by 12 bits
Starting fused batchNorm #26
Time in sec for current BN = [0.065] sent [2.6259] MB
~ 0.065 BN
Relu #51 on 50176 points, truncate=1 by 12 bits
Time in sec for current relu = 0.178
~ 0.178 relu
Conv2DCSF 30 called N=1, H=14, W=14, CI=256, FH=3, FW=3, CO=256, S=1
Time in sec for current conv = 10.684
~ 10.684 conv
Truncate #27 on 50176 points by 12 bits
Starting fused batchNorm #27
Time in sec for current BN = [0.072] sent [2.6259] MB
~ 0.072 BN
Relu #53 on 50176 points, truncate=1 by 12 bits
Time in sec for current relu = 0.176
~ 0.176 relu
Conv2DCSF 31 called N=1, H=14, W=14, CI=256, FH=1, FW=1, CO=1024, S=1
Time in sec for current conv = 5.302
~ 5.302 conv
Truncate #28 on 200704 points by 12 bits
Starting fused batchNorm #28
Time in sec for current BN = [0.183] sent [9.3782] MB
~ 0.183 BN
Relu #55 on 200704 points, truncate=1 by 12 bits
Time in sec for current relu = 0.701
~ 0.701 relu
Conv2DCSF 32 called N=1, H=14, W=14, CI=1024, FH=1, FW=1, CO=256, S=1
Time in sec for current conv = 4.879
~ 4.879 conv
Truncate #29 on 50176 points by 12 bits
Starting fused batchNorm #29
Time in sec for current BN = [0.051] sent [2.6259] MB
~ 0.051 BN
Relu #57 on 50176 points, truncate=1 by 12 bits
Time in sec for current relu = 0.183
~ 0.183 relu
Conv2DCSF 33 called N=1, H=14, W=14, CI=256, FH=3, FW=3, CO=256, S=1
Time in sec for current conv = 9.031
~ 9.031 conv
Truncate #30 on 50176 points by 12 bits
Starting fused batchNorm #30
Time in sec for current BN = [0.056] sent [2.6259] MB
~ 0.056 BN
Relu #59 on 50176 points, truncate=1 by 12 bits
Time in sec for current relu = 0.182
~ 0.182 relu
Conv2DCSF 34 called N=1, H=14, W=14, CI=256, FH=1, FW=1, CO=1024, S=1
Time in sec for current conv = 5.546
~ 5.546 conv
Truncate #31 on 200704 points by 12 bits
Starting fused batchNorm #31
Time in sec for current BN = [0.182] sent [9.3782] MB
~ 0.182 BN
Relu #61 on 200704 points, truncate=1 by 12 bits
Time in sec for current relu = 0.706
~ 0.706 relu
Conv2DCSF 35 called N=1, H=14, W=14, CI=1024, FH=1, FW=1, CO=256, S=1
Time in sec for current conv = 4.938
~ 4.938 conv
Truncate #32 on 50176 points by 12 bits
Starting fused batchNorm #32
Time in sec for current BN = [0.071] sent [2.6259] MB
~ 0.071 BN
Relu #63 on 50176 points, truncate=1 by 12 bits
Time in sec for current relu = 0.176
~ 0.176 relu
Conv2DCSF 36 called N=1, H=14, W=14, CI=256, FH=3, FW=3, CO=256, S=1
Time in sec for current conv = 10.425
~ 10.425 conv
Truncate #33 on 50176 points by 12 bits
Starting fused batchNorm #33
Time in sec for current BN = [0.051] sent [2.6259] MB
~ 0.051 BN
Relu #65 on 50176 points, truncate=1 by 12 bits
Time in sec for current relu = 0.191
~ 0.191 relu
Conv2DCSF 37 called N=1, H=14, W=14, CI=256, FH=1, FW=1, CO=1024, S=1
Time in sec for current conv = 5.327
~ 5.327 conv
Truncate #34 on 200704 points by 12 bits
Starting fused batchNorm #34
Time in sec for current BN = [0.201] sent [9.3782] MB
~ 0.201 BN
Relu #67 on 200704 points, truncate=1 by 12 bits
Time in sec for current relu = 0.717
~ 0.717 relu
Conv2DCSF 38 called N=1, H=14, W=14, CI=1024, FH=1, FW=1, CO=256, S=1
Time in sec for current conv = 4.939
~ 4.939 conv
Truncate #35 on 50176 points by 12 bits
Starting fused batchNorm #35
Time in sec for current BN = [0.052] sent [2.6259] MB
~ 0.052 BN
Relu #69 on 50176 points, truncate=1 by 12 bits
Time in sec for current relu = 0.18
~ 0.18 relu
Conv2DCSF 39 called N=1, H=14, W=14, CI=256, FH=3, FW=3, CO=256, S=1
Time in sec for current conv = 9.945
~ 9.945 conv
Truncate #36 on 50176 points by 12 bits
Starting fused batchNorm #36
Time in sec for current BN = [0.058] sent [2.6259] MB
~ 0.058 BN
Relu #71 on 50176 points, truncate=1 by 12 bits
Time in sec for current relu = 0.183
~ 0.183 relu
Conv2DCSF 40 called N=1, H=14, W=14, CI=256, FH=1, FW=1, CO=1024, S=1
Time in sec for current conv = 5.055
~ 5.055 conv
Truncate #37 on 200704 points by 12 bits
Starting fused batchNorm #37
Time in sec for current BN = [0.19] sent [9.3782] MB
~ 0.19 BN
Relu #73 on 200704 points, truncate=1 by 12 bits
Time in sec for current relu = 0.69
~ 0.69 relu
Conv2DCSF 41 called N=1, H=14, W=14, CI=1024, FH=1, FW=1, CO=256, S=1
Time in sec for current conv = 4.697
~ 4.697 conv
Truncate #38 on 50176 points by 12 bits
Starting fused batchNorm #38
Time in sec for current BN = [0.051] sent [2.6259] MB
~ 0.051 BN
Relu #75 on 50176 points, truncate=1 by 12 bits
Time in sec for current relu = 0.177
~ 0.177 relu
Conv2DCSF 42 called N=1, H=14, W=14, CI=256, FH=3, FW=3, CO=256, S=1
Time in sec for current conv = 10.019
~ 10.019 conv
Truncate #39 on 50176 points by 12 bits
Starting fused batchNorm #39
Time in sec for current BN = [0.051] sent [2.6259] MB
~ 0.051 BN
Relu #77 on 50176 points, truncate=1 by 12 bits
Time in sec for current relu = 0.169
~ 0.169 relu
Conv2DCSF 43 called N=1, H=14, W=14, CI=256, FH=1, FW=1, CO=1024, S=1
Time in sec for current conv = 5.545
~ 5.545 conv
Truncate #40 on 200704 points by 12 bits
Starting fused batchNorm #40
Time in sec for current BN = [0.187] sent [9.3782] MB
~ 0.187 BN
Relu #79 on 200704 points, truncate=1 by 12 bits
Time in sec for current relu = 0.677
~ 0.677 relu
Conv2DCSF 44 called N=1, H=14, W=14, CI=1024, FH=1, FW=1, CO=2048, S=2
Time in sec for current conv = 12.722
~ 12.722 conv
Conv2DCSF 45 called N=1, H=14, W=14, CI=1024, FH=1, FW=1, CO=512, S=1
Time in sec for current conv = 7.823
~ 7.823 conv
Truncate #41 on 100352 points by 12 bits
Starting fused batchNorm #41
Time in sec for current BN = [0.116] sent [4.87667] MB
~ 0.116 BN
Relu #81 on 100352 points, truncate=1 by 12 bits
Time in sec for current relu = 0.368
~ 0.368 relu
Conv2DCSF 46 called N=1, H=16, W=16, CI=512, FH=3, FW=3, CO=512, S=2
Time in sec for current conv = 13.029
~ 13.029 conv
Truncate #42 on 25088 points by 12 bits
Starting fused batchNorm #42
Time in sec for current BN = [0.029] sent [1.50051] MB
~ 0.029 BN
Relu #83 on 25088 points, truncate=1 by 12 bits
Time in sec for current relu = 0.09
~ 0.09 relu
Conv2DCSF 47 called N=1, H=7, W=7, CI=512, FH=1, FW=1, CO=2048, S=1
Time in sec for current conv = 7.162
~ 7.162 conv
Truncate #43 on 100352 points by 12 bits
Starting fused batchNorm #43
Time in sec for current BN = [0.106] sent [4.87667] MB
~ 0.106 BN
Relu #85 on 100352 points, truncate=1 by 12 bits
Time in sec for current relu = 0.357
~ 0.357 relu
Conv2DCSF 48 called N=1, H=7, W=7, CI=2048, FH=1, FW=1, CO=512, S=1
Time in sec for current conv = 5.534
~ 5.534 conv
Truncate #44 on 25088 points by 12 bits
Starting fused batchNorm #44
Time in sec for current BN = [0.029] sent [1.50051] MB
~ 0.029 BN
Relu #87 on 25088 points, truncate=1 by 12 bits
Time in sec for current relu = 0.088
~ 0.088 relu
Conv2DCSF 49 called N=1, H=7, W=7, CI=512, FH=3, FW=3, CO=512, S=1
Time in sec for current conv = 21.348
~ 21.348 conv
Truncate #45 on 25088 points by 12 bits
Starting fused batchNorm #45
Time in sec for current BN = [0.03] sent [1.50051] MB
~ 0.03 BN
Relu #89 on 25088 points, truncate=1 by 12 bits
Time in sec for current relu = 0.09
~ 0.09 relu
Conv2DCSF 50 called N=1, H=7, W=7, CI=512, FH=1, FW=1, CO=2048, S=1
Time in sec for current conv = 7.15
~ 7.15 conv
Truncate #46 on 100352 points by 12 bits
Starting fused batchNorm #46
Time in sec for current BN = [0.094] sent [4.87667] MB
~ 0.094 BN
Relu #91 on 100352 points, truncate=1 by 12 bits
Time in sec for current relu = 0.345
~ 0.345 relu
Conv2DCSF 51 called N=1, H=7, W=7, CI=2048, FH=1, FW=1, CO=512, S=1
Time in sec for current conv = 5.432
~ 5.432 conv
Truncate #47 on 25088 points by 12 bits
Starting fused batchNorm #47
Time in sec for current BN = [0.029] sent [1.50051] MB
~ 0.029 BN
Relu #93 on 25088 points, truncate=1 by 12 bits
Time in sec for current relu = 0.092
~ 0.092 relu
Conv2DCSF 52 called N=1, H=7, W=7, CI=512, FH=3, FW=3, CO=512, S=1
Time in sec for current conv = 21.232
~ 21.232 conv
Truncate #48 on 25088 points by 12 bits
Starting fused batchNorm #48
Time in sec for current BN = [0.029] sent [1.50051] MB
~ 0.029 BN
Relu #95 on 25088 points, truncate=1 by 12 bits
Time in sec for current relu = 0.089
~ 0.089 relu
Conv2DCSF 53 called N=1, H=7, W=7, CI=512, FH=1, FW=1, CO=2048, S=1
Time in sec for current conv = 7.232
~ 7.232 conv
Truncate #49 on 100352 points by 12 bits
Starting fused batchNorm #49
Time in sec for current BN = [0.099] sent [4.87667] MB
~ 0.099 BN
Relu #97 on 100352 points, truncate=1 by 12 bits
Time in sec for current relu = 0.37
~ 0.37 relu
AvgPool 1 called N=1, H=1, W=1, C=2048, ksizeH=7, ksizeW=7
Time in sec for current avgpool = 0.016
~ 0.016 avgpool
Matmul called s1,s2,s3 = 1 2048 1001
Time in sec for current matmul = 2.271
~ 2.271 matmul
ArgMax 1 called, s1=1, s2=1001
Thread i = 0, total data sent till now = 8111812976
Thread i = 1, total data sent till now = 994962981
Thread i = 2, total data sent till now = 6469412626
Thread i = 3, total data sent till now = 994962981
------------------------------------------------------
------------------------------------------------------
------------------------------------------------------
Total time taken = 545100 milliseconds.
Total data sent = 15572.4 MiB.
Number of rounds = 4050
Total comm (sent+received) = (see SERVER OUTPUT)
------------------------------------------------------
Total time in Conv = 431.926 seconds.
Total time in MatMul = 2.271 seconds.
Total time in BatchNorm = 8.94 seconds.
Total time in Truncation = 63.806 seconds.
Total time in Relu = 31.955 seconds.
Total time in MaxPool = 5.699 seconds.
Total time in AvgPool = 0.016 seconds.
Total time in ArgMax = 0.033 seconds.
Total time in MatAdd = 0 seconds.
Total time in MatAddBroadCast = 0 seconds.
Total time in MulCir = 0 seconds.
Total time in ScalarMul = 0 seconds.
Total time in Sigmoid = 0 seconds.
Total time in Tanh = 0 seconds.
Total time in Sqrt = 0 seconds.
Total time in NormaliseL2 = 0 seconds.
------------------------------------------------------
Conv data sent = 911.074 MiB.
MatMul data sent = 0.375128 MiB.
BatchNorm data sent = 423.519 MiB.
Truncation data sent = 9090.67 MiB.
Relu data sent = 4357.46 MiB.
Maxpool data sent = 786.422 MiB.
Avgpool data sent = 1.73901 MiB.
ArgMax data sent = 1.13604 MiB.
MatAdd data sent = 0 MiB.
MatAddBroadCast data sent = 0 MiB.
MulCir data sent = 0 MiB.
Sigmoid data sent = 0 MiB.
Tanh data sent = 0 MiB.
Sqrt data sent = 0 MiB.
NormaliseL2 data sent = 0 MiB.
------------------------------------------------------
top-10 values from ResNet50
[13.0845959,11.7224159,10.7543676,10.4407995,9.8753999,9.3162735,8.9062272,8.2519509,7.7140048,7.5128776,]
predicted label=249
