Using Eigen for Matmul
Doing BaseOT ...
using kkot pack
using kkot pack
using kkot pack
using kkot pack
After one-time setup, communication
Thread i = 0, total data sent till now = 241685084
Thread i = 1, total data sent till now = 163141
Thread i = 2, total data sent till now = 294765
Thread i = 3, total data sent till now = 163141
-----------Syncronizing-----------
secret_share_mod: 137352314881 bitlength: 37
backend: PrimeField-OT-SCI_HE
-----------Syncronized - now starting execution-----------
Conv2DCSF 1 called N=1, H=227, W=227, CI=3, FH=3, FW=3, CO=64, S=2
Time in sec for current conv = 45.222
~ 45.222 conv
Maxpool 1 called N=1, H=56, W=56, C=64, ksizeH=3, ksizeW=3
Time in sec for current maxpool = 26.633
~ 26.633 maxpool
Relu #1 on 200704 points, truncate=1 by 12 bits
Time in sec for current relu = 3.331
~ 3.331 relu
Conv2DCSF 2 called N=1, H=56, W=56, CI=64, FH=1, FW=1, CO=16, S=1
Time in sec for current conv = 1.919
~ 1.919 conv
Relu #3 on 50176 points, truncate=1 by 12 bits
Time in sec for current relu = 0.752
~ 0.752 relu
Conv2DCSF 3 called N=1, H=56, W=56, CI=16, FH=1, FW=1, CO=64, S=1
Time in sec for current conv = 2.05
~ 2.05 conv
Relu #5 on 200704 points, truncate=1 by 12 bits
Time in sec for current relu = 3.197
~ 3.197 relu
Conv2DCSF 4 called N=1, H=56, W=56, CI=16, FH=3, FW=3, CO=64, S=1
Time in sec for current conv = 12.915
~ 12.915 conv
Relu #7 on 200704 points, truncate=1 by 12 bits
Time in sec for current relu = 3.248
~ 3.248 relu
Conv2DCSF 5 called N=1, H=56, W=56, CI=128, FH=1, FW=1, CO=16, S=1
Time in sec for current conv = 3.396
~ 3.396 conv
Relu #9 on 50176 points, truncate=1 by 12 bits
Time in sec for current relu = 0.849
~ 0.849 relu
Conv2DCSF 6 called N=1, H=56, W=56, CI=16, FH=1, FW=1, CO=64, S=1
Time in sec for current conv = 1.963
~ 1.963 conv
Relu #11 on 200704 points, truncate=1 by 12 bits
Time in sec for current relu = 3.253
~ 3.253 relu
Conv2DCSF 7 called N=1, H=56, W=56, CI=16, FH=3, FW=3, CO=64, S=1
Time in sec for current conv = 12.805
~ 12.805 conv
Relu #13 on 200704 points, truncate=1 by 12 bits
Time in sec for current relu = 3.266
~ 3.266 relu
Maxpool 2 called N=1, H=27, W=27, C=128, ksizeH=3, ksizeW=3
Time in sec for current maxpool = 12.257
~ 12.257 maxpool
Conv2DCSF 8 called N=1, H=27, W=27, CI=128, FH=1, FW=1, CO=32, S=1
Time in sec for current conv = 1.61
~ 1.61 conv
Relu #15 on 23328 points, truncate=1 by 12 bits
Time in sec for current relu = 0.408
~ 0.408 relu
Conv2DCSF 9 called N=1, H=27, W=27, CI=32, FH=1, FW=1, CO=128, S=1
Time in sec for current conv = 1.912
~ 1.912 conv
Relu #17 on 93312 points, truncate=1 by 12 bits
Time in sec for current relu = 1.528
~ 1.528 relu
Conv2DCSF 10 called N=1, H=27, W=27, CI=32, FH=3, FW=3, CO=128, S=1
Time in sec for current conv = 12.353
~ 12.353 conv
Relu #19 on 93312 points, truncate=1 by 12 bits
Time in sec for current relu = 1.546
~ 1.546 relu
Conv2DCSF 11 called N=1, H=27, W=27, CI=256, FH=1, FW=1, CO=32, S=1
Time in sec for current conv = 2.94
~ 2.94 conv
Relu #21 on 23328 points, truncate=1 by 12 bits
Time in sec for current relu = 0.365
~ 0.365 relu
Conv2DCSF 12 called N=1, H=27, W=27, CI=32, FH=1, FW=1, CO=128, S=1
Time in sec for current conv = 1.983
~ 1.983 conv
Relu #23 on 93312 points, truncate=1 by 12 bits
Time in sec for current relu = 1.482
~ 1.482 relu
Conv2DCSF 13 called N=1, H=27, W=27, CI=32, FH=3, FW=3, CO=128, S=1
Time in sec for current conv = 12.554
~ 12.554 conv
Relu #25 on 93312 points, truncate=1 by 12 bits
Time in sec for current relu = 1.5
~ 1.5 relu
Maxpool 3 called N=1, H=13, W=13, C=256, ksizeH=3, ksizeW=3
Time in sec for current maxpool = 5.622
~ 5.622 maxpool
Conv2DCSF 14 called N=1, H=13, W=13, CI=256, FH=1, FW=1, CO=48, S=1
Time in sec for current conv = 1.796
~ 1.796 conv
Relu #27 on 8112 points, truncate=1 by 12 bits
Time in sec for current relu = 0.152
~ 0.152 relu
Conv2DCSF 15 called N=1, H=13, W=13, CI=48, FH=1, FW=1, CO=192, S=1
Time in sec for current conv = 1.972
~ 1.972 conv
Relu #29 on 32448 points, truncate=1 by 12 bits
Time in sec for current relu = 0.525
~ 0.525 relu
Conv2DCSF 16 called N=1, H=13, W=13, CI=48, FH=3, FW=3, CO=192, S=1
Time in sec for current conv = 10.011
~ 10.011 conv
Relu #31 on 32448 points, truncate=1 by 12 bits
Time in sec for current relu = 0.626
~ 0.626 relu
Conv2DCSF 17 called N=1, H=13, W=13, CI=384, FH=1, FW=1, CO=48, S=1
Time in sec for current conv = 2.556
~ 2.556 conv
Relu #33 on 8112 points, truncate=1 by 12 bits
Time in sec for current relu = 0.15
~ 0.15 relu
Conv2DCSF 18 called N=1, H=13, W=13, CI=48, FH=1, FW=1, CO=192, S=1
Time in sec for current conv = 2.001
~ 2.001 conv
Relu #35 on 32448 points, truncate=1 by 12 bits
Time in sec for current relu = 0.482
~ 0.482 relu
Conv2DCSF 19 called N=1, H=13, W=13, CI=48, FH=3, FW=3, CO=192, S=1
Time in sec for current conv = 9.561
~ 9.561 conv
Relu #37 on 32448 points, truncate=1 by 12 bits
Time in sec for current relu = 0.548
~ 0.548 relu
Conv2DCSF 20 called N=1, H=13, W=13, CI=384, FH=1, FW=1, CO=64, S=1
Time in sec for current conv = 2.611
~ 2.611 conv
Relu #39 on 10816 points, truncate=1 by 12 bits
Time in sec for current relu = 0.203
~ 0.203 relu
Conv2DCSF 21 called N=1, H=13, W=13, CI=64, FH=1, FW=1, CO=256, S=1
Time in sec for current conv = 2.503
~ 2.503 conv
Relu #41 on 43264 points, truncate=1 by 12 bits
Time in sec for current relu = 0.743
~ 0.743 relu
Conv2DCSF 22 called N=1, H=13, W=13, CI=64, FH=3, FW=3, CO=256, S=1
Time in sec for current conv = 13.253
~ 13.253 conv
Relu #43 on 43264 points, truncate=1 by 12 bits
Time in sec for current relu = 0.745
~ 0.745 relu
Conv2DCSF 23 called N=1, H=13, W=13, CI=512, FH=1, FW=1, CO=64, S=1
Time in sec for current conv = 3.086
~ 3.086 conv
Relu #45 on 10816 points, truncate=1 by 12 bits
Time in sec for current relu = 0.189
~ 0.189 relu
Conv2DCSF 24 called N=1, H=13, W=13, CI=64, FH=1, FW=1, CO=256, S=1
Time in sec for current conv = 2.499
~ 2.499 conv
Relu #47 on 43264 points, truncate=1 by 12 bits
Time in sec for current relu = 0.712
~ 0.712 relu
Conv2DCSF 25 called N=1, H=13, W=13, CI=64, FH=3, FW=3, CO=256, S=1
Time in sec for current conv = 13.016
~ 13.016 conv
Relu #49 on 43264 points, truncate=1 by 12 bits
Time in sec for current relu = 0.796
~ 0.796 relu
Conv2DCSF 26 called N=1, H=13, W=13, CI=512, FH=1, FW=1, CO=1000, S=1
